[2026-06-17 14:24:31] [INFO] ========== INFORMATICA POWERCENTER - POC ==========
[2026-06-17 14:24:31] [INFO] WorkflowType: all
[2026-06-17 14:24:31] [INFO] 
[2026-06-17 14:24:31] [INFO] === INICIANDO WORKFLOW: wf_m_poc_xml_emp ===
[2026-06-17 14:24:31] [INFO] Lendo XML de entrada...
[2026-06-17 14:24:31] [INFO] Processados 8 registros
[2026-06-17 14:24:31] [SUCCESS] Arquivo salvo: C:\Users\julio.cesar.d.pessan\Informatica-Scenarios\output\emp_poc.csv
[2026-06-17 14:24:32] [INFO] 
[2026-06-17 14:24:32] [INFO] === INICIANDO WORKFLOW: wf_m_poc_xml_hr ===
[2026-06-17 14:24:32] [INFO] Lendo XML de entrada...
[2026-06-17 14:24:32] [INFO] Processados 8 registros
[2026-06-17 14:24:32] [SUCCESS] Arquivo salvo: C:\Users\julio.cesar.d.pessan\Informatica-Scenarios\output\hr.csv
[2026-06-17 14:24:32] [INFO] 
[2026-06-17 14:24:32] [INFO] ========== RESUMO FINAL ==========
[2026-06-17 14:24:32] [SUCCESS] Sucessos: 2
[2026-06-17 14:24:32] [INFO] Falhas: 0
[2026-06-17 14:24:32] [INFO] 
[2026-06-17 14:24:32] [INFO] Arquivos gerados:
[2026-06-17 14:24:32] [INFO]   - emp_poc.csv (0.44 KB)
[2026-06-17 14:24:32] [INFO]   - hr.csv (0.57 KB)
[2026-06-17 14:24:32] [INFO] Log file: C:\Users\julio.cesar.d.pessan\Informatica-Scenarios\logs\wf_execution_20260617_142431.log
