[2026-06-17 14:28:54] [INFO] ========== INFORMATICA POWERCENTER - POC ==========
[2026-06-17 14:28:54] [INFO] WorkflowType: all
[2026-06-17 14:28:54] [INFO] 
[2026-06-17 14:28:54] [INFO] === INICIANDO WORKFLOW: wf_m_poc_xml_emp ===
[2026-06-17 14:28:54] [INFO] Lendo XML de entrada...
[2026-06-17 14:28:54] [INFO] Processados 8 registros
[2026-06-17 14:28:54] [SUCCESS] Arquivo salvo: C:\Users\julio.cesar.d.pessan\Informatica-Scenarios\output\emp_poc.csv
[2026-06-17 14:28:55] [INFO] 
[2026-06-17 14:28:55] [INFO] === INICIANDO WORKFLOW: wf_m_poc_xml_hr ===
[2026-06-17 14:28:55] [INFO] Lendo XML de entrada...
[2026-06-17 14:28:55] [ERROR] ERRO: Năo é possível converter o valor "System.Object[]" para o tipo "System.Xml.XmlDocument". Erro: "Erro durante a análise de EntityName. Linha 4, posiçăo 59."
[2026-06-17 14:28:55] [INFO] 
[2026-06-17 14:28:55] [INFO] ========== RESUMO FINAL ==========
[2026-06-17 14:28:55] [SUCCESS] Sucessos: 1
[2026-06-17 14:28:55] [ERROR] Falhas: 1
[2026-06-17 14:28:55] [INFO] 
[2026-06-17 14:28:55] [INFO] Arquivos gerados:
[2026-06-17 14:28:55] [INFO]   - emp_poc.csv (0.44 KB)
[2026-06-17 14:28:55] [INFO]   - hr.csv (0.57 KB)
[2026-06-17 14:28:55] [INFO] Log file: C:\Users\julio.cesar.d.pessan\Informatica-Scenarios\logs\wf_execution_20260617_142854.log
