[2026-06-16 15:58:55] [INFO] ========== INFORMATICA POWERCENTER - POC ==========
[2026-06-16 15:58:55] [INFO] WorkflowType: all
[2026-06-16 15:58:55] [INFO] 
[2026-06-16 15:58:55] [INFO] === INICIANDO WORKFLOW: wf_m_poc_xml_emp ===
[2026-06-16 15:58:55] [INFO] Lendo XML de entrada...
[2026-06-16 15:58:55] [INFO] Processados 8 registros
[2026-06-16 15:58:55] [SUCCESS] Arquivo salvo: C:\Users\julio.cesar.d.pessan\Informatica-Scenarios\output\emp_poc.csv
[2026-06-16 15:58:55] [INFO] 
[2026-06-16 15:58:55] [INFO] === INICIANDO WORKFLOW: wf_m_poc_xml_hr ===
[2026-06-16 15:58:55] [INFO] Lendo XML de entrada...
[2026-06-16 15:58:55] [INFO] Processados 8 registros
[2026-06-16 15:58:55] [SUCCESS] Arquivo salvo: C:\Users\julio.cesar.d.pessan\Informatica-Scenarios\output\hr.csv
[2026-06-16 15:58:55] [INFO] 
[2026-06-16 15:58:55] [INFO] ========== RESUMO FINAL ==========
[2026-06-16 15:58:55] [SUCCESS] Sucessos: 2
[2026-06-16 15:58:55] [INFO] Falhas: 0
[2026-06-16 15:58:55] [INFO] 
[2026-06-16 15:58:55] [INFO] Arquivos gerados:
[2026-06-16 15:58:55] [INFO]   - emp_poc.csv (0.44 KB)
[2026-06-16 15:58:55] [INFO]   - hr.csv (0.57 KB)
[2026-06-16 15:58:55] [INFO] Log file: C:\Users\julio.cesar.d.pessan\Informatica-Scenarios\logs\wf_execution_20260616_155855.log
