[2026-06-19 17:50:41] [INFO] ========================================
[2026-06-19 17:50:41] [INFO] FABRIC ZIP PREPARATION SCRIPT
[2026-06-19 17:50:41] [INFO] ========================================
[2026-06-19 17:50:41] [INFO] Pipeline: all
[2026-06-19 17:50:41] [INFO] Output Dir: C:\Users\julio.cesar.d.pessan\powercenter-microsoft-fabric\pipelines\deliverables\fabric-ready
[2026-06-19 17:50:41] [INFO] 
[2026-06-19 17:50:41] [INFO] --- Processing EMP Pipeline ---
[2026-06-19 17:50:41] [INFO] Creating Fabric ZIP for: pl_m_poc_xml_emp
[2026-06-19 17:50:41] [INFO] Using PowerShell compression
[2026-06-19 17:50:41] [SUCCESS] [OK] ZIP Created: C:\Users\julio.cesar.d.pessan\powercenter-microsoft-fabric\pipelines\deliverables\fabric-ready\pl_m_poc_xml_emp_FABRIC.zip (1.46 KB)
[2026-06-19 17:50:41] [INFO] 
[2026-06-19 17:50:41] [INFO] --- Processing HR Pipeline ---
[2026-06-19 17:50:41] [INFO] Creating Fabric ZIP for: pl_m_poc_xml_hr
[2026-06-19 17:50:41] [INFO] Using PowerShell compression
[2026-06-19 17:50:41] [SUCCESS] [OK] ZIP Created: C:\Users\julio.cesar.d.pessan\powercenter-microsoft-fabric\pipelines\deliverables\fabric-ready\pl_m_poc_xml_hr_FABRIC.zip (1.63 KB)
[2026-06-19 17:50:41] [INFO] 
[2026-06-19 17:50:41] [INFO] ========================================
[2026-06-19 17:50:41] [INFO] SUMMARY
[2026-06-19 17:50:41] [INFO] ========================================
[2026-06-19 17:50:41] [INFO] Successes: 2
[2026-06-19 17:50:41] [INFO] Failures: 0
[2026-06-19 17:50:41] [INFO] Output Location: C:\Users\julio.cesar.d.pessan\powercenter-microsoft-fabric\pipelines\deliverables\fabric-ready
[2026-06-19 17:50:41] [INFO] 
[2026-06-19 17:50:41] [INFO] [OK] Ready for Fabric Import:
[2026-06-19 17:50:41] [INFO]   [OK] pl_m_poc_xml_emp_FABRIC.zip (1.46 KB)
[2026-06-19 17:50:41] [INFO]   [OK] pl_m_poc_xml_hr_FABRIC.zip (1.63 KB)
[2026-06-19 17:50:41] [INFO] 
[2026-06-19 17:50:41] [INFO] Log file: C:\Users\julio.cesar.d.pessan\powercenter-microsoft-fabric\logs\zip-prepare-20260619_175041.log
